#
# There is insufficient memory for the Java Runtime Environment to continue.
# Native memory allocation (mmap) failed to map 65536 bytes for Failed to commit metaspace.
# Possible reasons:
#   The system is out of physical RAM or swap space
#   The process is running with CompressedOops enabled, and the Java Heap may be blocking the growth of the native heap
# Possible solutions:
#   Reduce memory load on the system
#   Increase physical memory or swap space
#   Check if swap backing store is full
#   Decrease Java heap size (-Xmx/-Xms)
#   Decrease number of Java threads
#   Decrease Java thread stack sizes (-Xss)
#   Set larger code cache with -XX:ReservedCodeCacheSize=
#   JVM is running with Zero Based Compressed Oops mode in which the Java heap is
#     placed in the first 32GB address space. The Java Heap base address is the
#     maximum limit for the native heap growth. Please use -XX:HeapBaseMinAddress
#     to set the Java Heap base and to place the Java Heap above 32GB virtual address.
# This output file may be truncated or incomplete.
#
#  Out of Memory Error (virtualSpaceNode.cpp:110), pid=14868, tid=31152
#
# JRE version: Java(TM) SE Runtime Environment (17.0.12+8) (build 17.0.12+8-LTS-286)
# Java VM: Java HotSpot(TM) 64-Bit Server VM (17.0.12+8-LTS-286, mixed mode, emulated-client, sharing, tiered, compressed oops, compressed class ptrs, g1 gc, windows-amd64)
# No core dump will be written. Minidumps are not enabled by default on client versions of Windows
#

---------------  S U M M A R Y ------------

Command Line: -XX:TieredStopAtLevel=1 -Dspring.output.ansi.enabled=always -Dcom.sun.management.jmxremote -Dspring.jmx.enabled=true -Dspring.liveBeansView.mbeanDomain -Dspring.application.admin.enabled=true -Dmanagement.endpoints.jmx.exposure.include=* -javaagent:D:\Edge\IntelliJ IDEA 2024.2.0.2\lib\idea_rt.jar=61081:D:\Edge\IntelliJ IDEA 2024.2.0.2\bin -Dfile.encoding=UTF-8 org.example.DemoApplication

Host: 12th Gen Intel(R) Core(TM) i7-12650H, 16 cores, 15G,  Windows 11 , 64 bit Build 26100 (10.0.26100.4202)
Time: Tue Jul  8 14:16:50 2025  Windows 11 , 64 bit Build 26100 (10.0.26100.4202) elapsed time: 7.898558 seconds (0d 0h 0m 7s)

---------------  T H R E A D  ---------------

Current thread (0x000001256e250680):  JavaThread "restartedMain" [_thread_in_vm, id=31152, stack(0x0000001d76f00000,0x0000001d77000000)]

Stack: [0x0000001d76f00000,0x0000001d77000000]
Native frames: (J=compiled Java code, j=interpreted, Vv=VM code, C=native code)
V  [jvm.dll+0x67a04a]
V  [jvm.dll+0x7da4ed]
V  [jvm.dll+0x7dbe33]
V  [jvm.dll+0x7dc4a3]
V  [jvm.dll+0x24508f]
V  [jvm.dll+0x7d60bb]
V  [jvm.dll+0x6206c6]
V  [jvm.dll+0x1bed07]
V  [jvm.dll+0x623022]
V  [jvm.dll+0x621086]
V  [jvm.dll+0x369732]
V  [jvm.dll+0x1e048b]
V  [jvm.dll+0x53f7b5]
V  [jvm.dll+0x7553b8]
V  [jvm.dll+0x7554a4]
V  [jvm.dll+0x40d1af]
V  [jvm.dll+0x413c39]
C  [java.dll+0x17ec]

Java frames: (J=compiled Java code, j=interpreted, Vv=VM code)
J 1200  java.lang.ClassLoader.defineClass1(Ljava/lang/ClassLoader;Ljava/lang/String;[BIILjava/security/ProtectionDomain;Ljava/lang/String;)Ljava/lang/Class; java.base@17.0.12 (0 bytes) @ 0x000001255a4469e3 [0x000001255a446920+0x00000000000000c3]
J 1224 c1 java.lang.ClassLoader.defineClass(Ljava/lang/String;[BIILjava/security/ProtectionDomain;)Ljava/lang/Class; java.base@17.0.12 (43 bytes) @ 0x000001255a4392ec [0x000001255a4391e0+0x000000000000010c]
J 1214 c1 jdk.internal.loader.BuiltinClassLoader.defineClass(Ljava/lang/String;Ljdk/internal/loader/Resource;)Ljava/lang/Class; java.base@17.0.12 (121 bytes) @ 0x000001255a43ccf4 [0x000001255a43c820+0x00000000000004d4]
J 1201 c1 jdk.internal.loader.BuiltinClassLoader.findClassOnClassPathOrNull(Ljava/lang/String;)Ljava/lang/Class; java.base@17.0.12 (64 bytes) @ 0x000001255a4439c4 [0x000001255a443700+0x00000000000002c4]
J 1012 c1 jdk.internal.loader.BuiltinClassLoader.loadClassOrNull(Ljava/lang/String;Z)Ljava/lang/Class; java.base@17.0.12 (143 bytes) @ 0x000001255a497d84 [0x000001255a497900+0x0000000000000484]
J 1074 c1 jdk.internal.loader.ClassLoaders$AppClassLoader.loadClass(Ljava/lang/String;Z)Ljava/lang/Class; java.base@17.0.12 (40 bytes) @ 0x000001255a47c02c [0x000001255a47bee0+0x000000000000014c]
J 1071 c1 java.lang.ClassLoader.loadClass(Ljava/lang/String;)Ljava/lang/Class; java.base@17.0.12 (7 bytes) @ 0x000001255a47cd64 [0x000001255a47cd20+0x0000000000000044]
v  ~StubRoutines::call_stub
J 2696  java.lang.Class.getDeclaredMethods0(Z)[Ljava/lang/reflect/Method; java.base@17.0.12 (0 bytes) @ 0x000001255a65b5e3 [0x000001255a65b5a0+0x0000000000000043]
J 1340 c1 java.lang.Class.privateGetDeclaredMethods(Z)[Ljava/lang/reflect/Method; java.base@17.0.12 (64 bytes) @ 0x000001255a40fda4 [0x000001255a40fd00+0x00000000000000a4]
j  java.lang.Class.getDeclaredMethods()[Ljava/lang/reflect/Method;+20 java.base@17.0.12
j  org.springframework.util.ReflectionUtils.getDeclaredMethods(Ljava/lang/Class;Z)[Ljava/lang/reflect/Method;+24
j  org.springframework.util.ReflectionUtils.doWithMethods(Ljava/lang/Class;Lorg/springframework/util/ReflectionUtils$MethodCallback;Lorg/springframework/util/ReflectionUtils$MethodFilter;)V+16
j  org.springframework.util.ReflectionUtils.doWithMethods(Ljava/lang/Class;Lorg/springframework/util/ReflectionUtils$MethodCallback;Lorg/springframework/util/ReflectionUtils$MethodFilter;)V+152
j  org.springframework.util.ReflectionUtils.getUniqueDeclaredMethods(Ljava/lang/Class;Lorg/springframework/util/ReflectionUtils$MethodFilter;)[Ljava/lang/reflect/Method;+18
j  org.springframework.beans.factory.support.AbstractAutowireCapableBeanFactory.lambda$getTypeForFactoryMethod$2(Ljava/lang/Class;)[Ljava/lang/reflect/Method;+4
j  org.springframework.beans.factory.support.AbstractAutowireCapableBeanFactory$$Lambda$437+0x00000125012caa40.apply(Ljava/lang/Object;)Ljava/lang/Object;+4
J 1077 c1 java.util.concurrent.ConcurrentHashMap.computeIfAbsent(Ljava/lang/Object;Ljava/util/function/Function;)Ljava/lang/Object; java.base@17.0.12 (576 bytes) @ 0x000001255a478424 [0x000001255a478120+0x0000000000000304]
j  org.springframework.beans.factory.support.AbstractAutowireCapableBeanFactory.getTypeForFactoryMethod(Ljava/lang/String;Lorg/springframework/beans/factory/support/RootBeanDefinition;[Ljava/lang/Class;)Ljava/lang/Class;+137
J 3030 c1 org.springframework.beans.factory.support.AbstractAutowireCapableBeanFactory.determineTargetType(Ljava/lang/String;Lorg/springframework/beans/factory/support/RootBeanDefinition;[Ljava/lang/Class;)Ljava/lang/Class; (60 bytes) @ 0x000001255a6de97c [0x000001255a6de8c0+0x00000000000000bc]
J 3029 c1 org.springframework.beans.factory.support.AbstractAutowireCapableBeanFactory.predictBeanType(Ljava/lang/String;Lorg/springframework/beans/factory/support/RootBeanDefinition;[Ljava/lang/Class;)Ljava/lang/Class; (126 bytes) @ 0x000001255a6defa4 [0x000001255a6def40+0x0000000000000064]
J 3008 c1 org.springframework.beans.factory.support.AbstractBeanFactory.isFactoryBean(Ljava/lang/String;Lorg/springframework/beans/factory/support/RootBeanDefinition;)Z (60 bytes) @ 0x000001255a6d416c [0x000001255a6d3fe0+0x000000000000018c]
j  org.springframework.beans.factory.support.DefaultListableBeanFactory.doGetBeanNamesForType(Lorg/springframework/core/ResolvableType;ZZ)[Ljava/lang/String;+111
j  org.springframework.beans.factory.support.DefaultListableBeanFactory.getBeanNamesForType(Ljava/lang/Class;ZZ)[Ljava/lang/String;+22
j  org.springframework.boot.autoconfigure.condition.OnBeanCondition.collectBeanNamesForType(Lorg/springframework/beans/factory/ListableBeanFactory;ZLjava/lang/Class;Ljava/util/Set;Ljava/util/Set;)Ljava/util/Set;+6
j  org.springframework.boot.autoconfigure.condition.OnBeanCondition.getBeanNamesForType(Lorg/springframework/beans/factory/ListableBeanFactory;ZLjava/lang/Class;Ljava/util/Set;)Ljava/util/Set;+7
j  org.springframework.boot.autoconfigure.condition.OnBeanCondition.getBeanNamesForType(Ljava/lang/ClassLoader;ZLorg/springframework/beans/factory/ListableBeanFactory;Ljava/lang/String;Ljava/util/Set;)Ljava/util/Set;+11
j  org.springframework.boot.autoconfigure.condition.OnBeanCondition.getMatchingBeans(Lorg/springframework/context/annotation/ConditionContext;Lorg/springframework/boot/autoconfigure/condition/OnBeanCondition$Spec;)Lorg/springframework/boot/autoconfigure/condition/OnBeanCondition$MatchResult;+143
j  org.springframework.boot.autoconfigure.condition.OnBeanCondition.getMatchOutcome(Lorg/springframework/context/annotation/ConditionContext;Lorg/springframework/core/type/AnnotatedTypeMetadata;)Lorg/springframework/boot/autoconfigure/condition/ConditionOutcome;+385
j  org.springframework.boot.autoconfigure.condition.SpringBootCondition.matches(Lorg/springframework/context/annotation/ConditionContext;Lorg/springframework/core/type/AnnotatedTypeMetadata;)Z+8
J 3032 c1 org.springframework.context.annotation.ConditionEvaluator.shouldSkip(Lorg/springframework/core/type/AnnotatedTypeMetadata;Lorg/springframework/context/annotation/ConfigurationCondition$ConfigurationPhase;)Z (250 bytes) @ 0x000001255a6e00cc [0x000001255a6df960+0x000000000000076c]
j  org.springframework.context.annotation.ConfigurationClassBeanDefinitionReader.loadBeanDefinitionsForBeanMethod(Lorg/springframework/context/annotation/BeanMethod;)V+26
j  org.springframework.context.annotation.ConfigurationClassBeanDefinitionReader.loadBeanDefinitionsForConfigurationClass(Lorg/springframework/context/annotation/ConfigurationClass;Lorg/springframework/context/annotation/ConfigurationClassBeanDefinitionReader$TrackedConditionEvaluator;)V+107
j  org.springframework.context.annotation.ConfigurationClassBeanDefinitionReader.loadBeanDefinitions(Ljava/util/Set;)V+41
j  org.springframework.context.annotation.ConfigurationClassPostProcessor.processConfigBeanDefinitions(Lorg/springframework/beans/factory/support/BeanDefinitionRegistry;)V+386
j  org.springframework.context.annotation.ConfigurationClassPostProcessor.postProcessBeanDefinitionRegistry(Lorg/springframework/beans/factory/support/BeanDefinitionRegistry;)V+107
j  org.springframework.context.support.PostProcessorRegistrationDelegate.invokeBeanDefinitionRegistryPostProcessors(Ljava/util/Collection;Lorg/springframework/beans/factory/support/BeanDefinitionRegistry;Lorg/springframework/core/metrics/ApplicationStartup;)V+59
j  org.springframework.context.support.PostProcessorRegistrationDelegate.invokeBeanFactoryPostProcessors(Lorg/springframework/beans/factory/config/ConfigurableListableBeanFactory;Ljava/util/List;)V+235
j  org.springframework.context.support.AbstractApplicationContext.invokeBeanFactoryPostProcessors(Lorg/springframework/beans/factory/config/ConfigurableListableBeanFactory;)V+5
j  org.springframework.context.support.AbstractApplicationContext.refresh()V+53
j  org.springframework.boot.web.servlet.context.ServletWebServerApplicationContext.refresh()V+1
j  org.springframework.boot.SpringApplication.refresh(Lorg/springframework/context/ConfigurableApplicationContext;)V+1
j  org.springframework.boot.SpringApplication.refreshContext(Lorg/springframework/context/ConfigurableApplicationContext;)V+16
j  org.springframework.boot.SpringApplication.run([Ljava/lang/String;)Lorg/springframework/context/ConfigurableApplicationContext;+107
j  org.springframework.boot.SpringApplication.run([Ljava/lang/Class;[Ljava/lang/String;)Lorg/springframework/context/ConfigurableApplicationContext;+9
j  org.springframework.boot.SpringApplication.run(Ljava/lang/Class;[Ljava/lang/String;)Lorg/springframework/context/ConfigurableApplicationContext;+9
j  org.example.DemoApplication.main([Ljava/lang/String;)V+3
v  ~StubRoutines::call_stub
j  jdk.internal.reflect.NativeMethodAccessorImpl.invoke0(Ljava/lang/reflect/Method;Ljava/lang/Object;[Ljava/lang/Object;)Ljava/lang/Object;+0 java.base@17.0.12
j  jdk.internal.reflect.NativeMethodAccessorImpl.invoke(Ljava/lang/Object;[Ljava/lang/Object;)Ljava/lang/Object;+133 java.base@17.0.12
j  jdk.internal.reflect.DelegatingMethodAccessorImpl.invoke(Ljava/lang/Object;[Ljava/lang/Object;)Ljava/lang/Object;+6 java.base@17.0.12
j  java.lang.reflect.Method.invoke(Ljava/lang/Object;[Ljava/lang/Object;)Ljava/lang/Object;+59 java.base@17.0.12
j  org.springframework.boot.devtools.restart.RestartLauncher.run()V+42
v  ~StubRoutines::call_stub

---------------  P R O C E S S  ---------------

Threads class SMR info:
_java_thread_list=0x000001256e658590, length=18, elements={
0x00000125526d17d0, 0x0000012569c022e0, 0x0000012569c03a10, 0x0000012569c216b0,
0x0000012569c24080, 0x0000012569c255b0, 0x0000012569c26ae0, 0x0000012569c287b0,
0x0000012569c29d20, 0x0000012569c99150, 0x0000012569ffd930, 0x0000012569ffe020,
0x000001256e250170, 0x000001256e24fc60, 0x000001256e2510a0, 0x000001256e2529f0,
0x000001256e250680, 0x000001256e250b90
}

Java Threads: ( => current thread )
  0x00000125526d17d0 JavaThread "main" [_thread_blocked, id=4808, stack(0x0000001d75500000,0x0000001d75600000)]
  0x0000012569c022e0 JavaThread "Reference Handler" daemon [_thread_blocked, id=29596, stack(0x0000001d75c00000,0x0000001d75d00000)]
  0x0000012569c03a10 JavaThread "Finalizer" daemon [_thread_blocked, id=13820, stack(0x0000001d75d00000,0x0000001d75e00000)]
  0x0000012569c216b0 JavaThread "Signal Dispatcher" daemon [_thread_blocked, id=7912, stack(0x0000001d75e00000,0x0000001d75f00000)]
  0x0000012569c24080 JavaThread "Attach Listener" daemon [_thread_blocked, id=3860, stack(0x0000001d75f00000,0x0000001d76000000)]
  0x0000012569c255b0 JavaThread "Service Thread" daemon [_thread_blocked, id=33808, stack(0x0000001d76000000,0x0000001d76100000)]
  0x0000012569c26ae0 JavaThread "Monitor Deflation Thread" daemon [_thread_blocked, id=31044, stack(0x0000001d76100000,0x0000001d76200000)]
  0x0000012569c287b0 JavaThread "C1 CompilerThread0" daemon [_thread_blocked, id=26044, stack(0x0000001d76200000,0x0000001d76300000)]
  0x0000012569c29d20 JavaThread "Sweeper thread" daemon [_thread_blocked, id=27772, stack(0x0000001d76300000,0x0000001d76400000)]
  0x0000012569c99150 JavaThread "Common-Cleaner" daemon [_thread_blocked, id=9960, stack(0x0000001d76400000,0x0000001d76500000)]
  0x0000012569ffd930 JavaThread "Monitor Ctrl-Break" daemon [_thread_in_native, id=31900, stack(0x0000001d76900000,0x0000001d76a00000)]
  0x0000012569ffe020 JavaThread "Notification Thread" daemon [_thread_blocked, id=5868, stack(0x0000001d76a00000,0x0000001d76b00000)]
  0x000001256e250170 JavaThread "RMI TCP Accept-0" daemon [_thread_in_native, id=33588, stack(0x0000001d76b00000,0x0000001d76c00000)]
  0x000001256e24fc60 JavaThread "RMI TCP Connection(1)-192.168.31.170" daemon [_thread_in_native, id=28432, stack(0x0000001d76d00000,0x0000001d76e00000)]
  0x000001256e2510a0 JavaThread "RMI Scheduler(0)" daemon [_thread_blocked, id=35412, stack(0x0000001d76e00000,0x0000001d76f00000)]
  0x000001256e2529f0 JavaThread "Thread-0" [_thread_blocked, id=29784, stack(0x0000001d76800000,0x0000001d76900000)]
=>0x000001256e250680 JavaThread "restartedMain" [_thread_in_vm, id=31152, stack(0x0000001d76f00000,0x0000001d77000000)]
  0x000001256e250b90 JavaThread "JMX server connection timeout 39" daemon [_thread_blocked, id=34940, stack(0x0000001d76600000,0x0000001d76700000)]

Other Threads:
  0x0000012569bfa3a0 VMThread "VM Thread" [stack: 0x0000001d75b00000,0x0000001d75c00000] [id=17360] _threads_hazard_ptr=0x000001256e658590
  0x0000012569d13df0 WatcherThread [stack: 0x0000001d76c00000,0x0000001d76d00000] [id=7532]
  0x000001255273e8a0 GCTaskThread "GC Thread#0" [stack: 0x0000001d75600000,0x0000001d75700000] [id=35252]
  0x000001256e5d84f0 GCTaskThread "GC Thread#1" [stack: 0x0000001d77000000,0x0000001d77100000] [id=30788]
  0x000001256e5f75f0 GCTaskThread "GC Thread#2" [stack: 0x0000001d77100000,0x0000001d77200000] [id=31272]
  0x000001256e633dc0 GCTaskThread "GC Thread#3" [stack: 0x0000001d77200000,0x0000001d77300000] [id=30260]
  0x000001256e634490 GCTaskThread "GC Thread#4" [stack: 0x0000001d77300000,0x0000001d77400000] [id=38212]
  0x000001256e634750 GCTaskThread "GC Thread#5" [stack: 0x0000001d77400000,0x0000001d77500000] [id=24940]
  0x000001256e634a10 GCTaskThread "GC Thread#6" [stack: 0x0000001d77500000,0x0000001d77600000] [id=37216]
  0x000001256e634cd0 GCTaskThread "GC Thread#7" [stack: 0x0000001d77600000,0x0000001d77700000] [id=14880]
  0x000001256e6351a0 GCTaskThread "GC Thread#8" [stack: 0x0000001d77700000,0x0000001d77800000] [id=14384]
  0x000001256e637620 GCTaskThread "GC Thread#9" [stack: 0x0000001d77800000,0x0000001d77900000] [id=33960]
  0x000001256e6378e0 GCTaskThread "GC Thread#10" [stack: 0x0000001d77900000,0x0000001d77a00000] [id=37868]
  0x000001256e637ba0 GCTaskThread "GC Thread#11" [stack: 0x0000001d77a00000,0x0000001d77b00000] [id=13584]
  0x000001256e637e60 GCTaskThread "GC Thread#12" [stack: 0x0000001d77b00000,0x0000001d77c00000] [id=35008]
  0x0000012552750040 ConcurrentGCThread "G1 Main Marker" [stack: 0x0000001d75700000,0x0000001d75800000] [id=37208]
  0x0000012552750a50 ConcurrentGCThread "G1 Conc#0" [stack: 0x0000001d75800000,0x0000001d75900000] [id=26356]
  0x000001255278eaf0 ConcurrentGCThread "G1 Refine#0" [stack: 0x0000001d75900000,0x0000001d75a00000] [id=38284]
  0x0000012569ab34e0 ConcurrentGCThread "G1 Service" [stack: 0x0000001d75a00000,0x0000001d75b00000] [id=31348]

Threads with active compile tasks:

VM state: synchronizing (normal execution)

VM Mutex/Monitor currently owned by a thread:  ([mutex/lock_event])
[0x00000125504888a0] Metaspace_lock - owner thread: 0x000001256e250680
[0x0000012550487cd0] Threads_lock - owner thread: 0x0000012569bfa3a0

Heap address: 0x0000000704800000, size: 4024 MB, Compressed Oops mode: Zero based, Oop shift amount: 3

CDS archive(s) mapped at: [0x0000012500000000-0x0000012500bd0000-0x0000012500bd0000), size 12386304, SharedBaseAddress: 0x0000012500000000, ArchiveRelocationMode: 1.
Compressed class space mapped at: 0x0000012501000000-0x0000012541000000, reserved size: 1073741824
Narrow klass base: 0x0000012500000000, Narrow klass shift: 0, Narrow klass range: 0x100000000

GC Precious Log:
 CPUs: 16 total, 16 available
 Memory: 16091M
 Large Page Support: Disabled
 NUMA Support: Disabled
 Compressed Oops: Enabled (Zero based)
 Heap Region Size: 2M
 Heap Min Capacity: 8M
 Heap Initial Capacity: 252M
 Heap Max Capacity: 4024M
 Pre-touch: Disabled
 Parallel Workers: 13
 Concurrent Workers: 3
 Concurrent Refinement Workers: 13
 Periodic GC: Disabled

Heap:
 garbage-first heap   total 258048K, used 22594K [0x0000000704800000, 0x0000000800000000)
  region size 2048K, 9 young (18432K), 3 survivors (6144K)
 Metaspace       used 19843K, committed 20096K, reserved 1114112K
  class space    used 2695K, committed 2816K, reserved 1048576K

Heap Regions: E=young(eden), S=young(survivor), O=old, HS=humongous(starts), HC=humongous(continues), CS=collection set, F=free, OA=open archive, CA=closed archive, TAMS=top-at-mark-start (previous, next)
|   0|0x0000000704800000, 0x0000000704a00000, 0x0000000704a00000|100%| O|  |TAMS 0x0000000704800000, 0x0000000704800000| Untracked 
|   1|0x0000000704a00000, 0x0000000704c00000, 0x0000000704c00000|100%| O|  |TAMS 0x0000000704a00000, 0x0000000704a00000| Untracked 
|   2|0x0000000704c00000, 0x0000000704e00000, 0x0000000704e00000|100%| O|  |TAMS 0x0000000704c00000, 0x0000000704c00000| Untracked 
|   3|0x0000000704e00000, 0x0000000704efc800, 0x0000000705000000| 49%| O|  |TAMS 0x0000000704e00000, 0x0000000704e00000| Untracked 
|   4|0x0000000705000000, 0x0000000705000000, 0x0000000705200000|  0%| F|  |TAMS 0x0000000705000000, 0x0000000705000000| Untracked 
|   5|0x0000000705200000, 0x0000000705200000, 0x0000000705400000|  0%| F|  |TAMS 0x0000000705200000, 0x0000000705200000| Untracked 
|   6|0x0000000705400000, 0x0000000705400000, 0x0000000705600000|  0%| F|  |TAMS 0x0000000705400000, 0x0000000705400000| Untracked 
|   7|0x0000000705600000, 0x0000000705600000, 0x0000000705800000|  0%| F|  |TAMS 0x0000000705600000, 0x0000000705600000| Untracked 
|   8|0x0000000705800000, 0x0000000705800000, 0x0000000705a00000|  0%| F|  |TAMS 0x0000000705800000, 0x0000000705800000| Untracked 
|   9|0x0000000705a00000, 0x0000000705a00000, 0x0000000705c00000|  0%| F|  |TAMS 0x0000000705a00000, 0x0000000705a00000| Untracked 
|  10|0x0000000705c00000, 0x0000000705c00000, 0x0000000705e00000|  0%| F|  |TAMS 0x0000000705c00000, 0x0000000705c00000| Untracked 
|  11|0x0000000705e00000, 0x0000000705e00000, 0x0000000706000000|  0%| F|  |TAMS 0x0000000705e00000, 0x0000000705e00000| Untracked 
|  12|0x0000000706000000, 0x0000000706000000, 0x0000000706200000|  0%| F|  |TAMS 0x0000000706000000, 0x0000000706000000| Untracked 
|  13|0x0000000706200000, 0x0000000706200000, 0x0000000706400000|  0%| F|  |TAMS 0x0000000706200000, 0x0000000706200000| Untracked 
|  14|0x0000000706400000, 0x0000000706400000, 0x0000000706600000|  0%| F|  |TAMS 0x0000000706400000, 0x0000000706400000| Untracked 
|  15|0x0000000706600000, 0x0000000706600000, 0x0000000706800000|  0%| F|  |TAMS 0x0000000706600000, 0x0000000706600000| Untracked 
|  16|0x0000000706800000, 0x0000000706800000, 0x0000000706a00000|  0%| F|  |TAMS 0x0000000706800000, 0x0000000706800000| Untracked 
|  17|0x0000000706a00000, 0x0000000706a00000, 0x0000000706c00000|  0%| F|  |TAMS 0x0000000706a00000, 0x0000000706a00000| Untracked 
|  18|0x0000000706c00000, 0x0000000706c00000, 0x0000000706e00000|  0%| F|  |TAMS 0x0000000706c00000, 0x0000000706c00000| Untracked 
|  19|0x0000000706e00000, 0x0000000706e00000, 0x0000000707000000|  0%| F|  |TAMS 0x0000000706e00000, 0x0000000706e00000| Untracked 
|  20|0x0000000707000000, 0x0000000707000000, 0x0000000707200000|  0%| F|  |TAMS 0x0000000707000000, 0x0000000707000000| Untracked 
|  21|0x0000000707200000, 0x0000000707200000, 0x0000000707400000|  0%| F|  |TAMS 0x0000000707200000, 0x0000000707200000| Untracked 
|  22|0x0000000707400000, 0x0000000707400000, 0x0000000707600000|  0%| F|  |TAMS 0x0000000707400000, 0x0000000707400000| Untracked 
|  23|0x0000000707600000, 0x0000000707600000, 0x0000000707800000|  0%| F|  |TAMS 0x0000000707600000, 0x0000000707600000| Untracked 
|  24|0x0000000707800000, 0x0000000707800000, 0x0000000707a00000|  0%| F|  |TAMS 0x0000000707800000, 0x0000000707800000| Untracked 
|  25|0x0000000707a00000, 0x0000000707a00000, 0x0000000707c00000|  0%| F|  |TAMS 0x0000000707a00000, 0x0000000707a00000| Untracked 
|  26|0x0000000707c00000, 0x0000000707c00000, 0x0000000707e00000|  0%| F|  |TAMS 0x0000000707c00000, 0x0000000707c00000| Untracked 
|  27|0x0000000707e00000, 0x0000000707e00000, 0x0000000708000000|  0%| F|  |TAMS 0x0000000707e00000, 0x0000000707e00000| Untracked 
|  28|0x0000000708000000, 0x0000000708000000, 0x0000000708200000|  0%| F|  |TAMS 0x0000000708000000, 0x0000000708000000| Untracked 
|  29|0x0000000708200000, 0x0000000708200000, 0x0000000708400000|  0%| F|  |TAMS 0x0000000708200000, 0x0000000708200000| Untracked 
|  30|0x0000000708400000, 0x0000000708400000, 0x0000000708600000|  0%| F|  |TAMS 0x0000000708400000, 0x0000000708400000| Untracked 
|  31|0x0000000708600000, 0x0000000708600000, 0x0000000708800000|  0%| F|  |TAMS 0x0000000708600000, 0x0000000708600000| Untracked 
|  32|0x0000000708800000, 0x0000000708800000, 0x0000000708a00000|  0%| F|  |TAMS 0x0000000708800000, 0x0000000708800000| Untracked 
|  33|0x0000000708a00000, 0x0000000708a00000, 0x0000000708c00000|  0%| F|  |TAMS 0x0000000708a00000, 0x0000000708a00000| Untracked 
|  34|0x0000000708c00000, 0x0000000708c00000, 0x0000000708e00000|  0%| F|  |TAMS 0x0000000708c00000, 0x0000000708c00000| Untracked 
|  35|0x0000000708e00000, 0x0000000708e00000, 0x0000000709000000|  0%| F|  |TAMS 0x0000000708e00000, 0x0000000708e00000| Untracked 
|  36|0x0000000709000000, 0x0000000709000000, 0x0000000709200000|  0%| F|  |TAMS 0x0000000709000000, 0x0000000709000000| Untracked 
|  37|0x0000000709200000, 0x0000000709200000, 0x0000000709400000|  0%| F|  |TAMS 0x0000000709200000, 0x0000000709200000| Untracked 
|  38|0x0000000709400000, 0x0000000709400000, 0x0000000709600000|  0%| F|  |TAMS 0x0000000709400000, 0x0000000709400000| Untracked 
|  39|0x0000000709600000, 0x0000000709600000, 0x0000000709800000|  0%| F|  |TAMS 0x0000000709600000, 0x0000000709600000| Untracked 
|  40|0x0000000709800000, 0x0000000709800000, 0x0000000709a00000|  0%| F|  |TAMS 0x0000000709800000, 0x0000000709800000| Untracked 
|  41|0x0000000709a00000, 0x0000000709a00000, 0x0000000709c00000|  0%| F|  |TAMS 0x0000000709a00000, 0x0000000709a00000| Untracked 
|  42|0x0000000709c00000, 0x0000000709c00000, 0x0000000709e00000|  0%| F|  |TAMS 0x0000000709c00000, 0x0000000709c00000| Untracked 
|  43|0x0000000709e00000, 0x0000000709e00000, 0x000000070a000000|  0%| F|  |TAMS 0x0000000709e00000, 0x0000000709e00000| Untracked 
|  44|0x000000070a000000, 0x000000070a000000, 0x000000070a200000|  0%| F|  |TAMS 0x000000070a000000, 0x000000070a000000| Untracked 
|  45|0x000000070a200000, 0x000000070a200000, 0x000000070a400000|  0%| F|  |TAMS 0x000000070a200000, 0x000000070a200000| Untracked 
|  46|0x000000070a400000, 0x000000070a400000, 0x000000070a600000|  0%| F|  |TAMS 0x000000070a400000, 0x000000070a400000| Untracked 
|  47|0x000000070a600000, 0x000000070a600000, 0x000000070a800000|  0%| F|  |TAMS 0x000000070a600000, 0x000000070a600000| Untracked 
|  48|0x000000070a800000, 0x000000070a800000, 0x000000070aa00000|  0%| F|  |TAMS 0x000000070a800000, 0x000000070a800000| Untracked 
|  49|0x000000070aa00000, 0x000000070aa00000, 0x000000070ac00000|  0%| F|  |TAMS 0x000000070aa00000, 0x000000070aa00000| Untracked 
|  50|0x000000070ac00000, 0x000000070ac00000, 0x000000070ae00000|  0%| F|  |TAMS 0x000000070ac00000, 0x000000070ac00000| Untracked 
|  51|0x000000070ae00000, 0x000000070ae00000, 0x000000070b000000|  0%| F|  |TAMS 0x000000070ae00000, 0x000000070ae00000| Untracked 
|  52|0x000000070b000000, 0x000000070b000000, 0x000000070b200000|  0%| F|  |TAMS 0x000000070b000000, 0x000000070b000000| Untracked 
|  53|0x000000070b200000, 0x000000070b200000, 0x000000070b400000|  0%| F|  |TAMS 0x000000070b200000, 0x000000070b200000| Untracked 
|  54|0x000000070b400000, 0x000000070b400000, 0x000000070b600000|  0%| F|  |TAMS 0x000000070b400000, 0x000000070b400000| Untracked 
|  55|0x000000070b600000, 0x000000070b600000, 0x000000070b800000|  0%| F|  |TAMS 0x000000070b600000, 0x000000070b600000| Untracked 
|  56|0x000000070b800000, 0x000000070b800000, 0x000000070ba00000|  0%| F|  |TAMS 0x000000070b800000, 0x000000070b800000| Untracked 
|  57|0x000000070ba00000, 0x000000070ba00000, 0x000000070bc00000|  0%| F|  |TAMS 0x000000070ba00000, 0x000000070ba00000| Untracked 
|  58|0x000000070bc00000, 0x000000070bc00000, 0x000000070be00000|  0%| F|  |TAMS 0x000000070bc00000, 0x000000070bc00000| Untracked 
|  59|0x000000070be00000, 0x000000070be00000, 0x000000070c000000|  0%| F|  |TAMS 0x000000070be00000, 0x000000070be00000| Untracked 
|  60|0x000000070c000000, 0x000000070c000000, 0x000000070c200000|  0%| F|  |TAMS 0x000000070c000000, 0x000000070c000000| Untracked 
|  61|0x000000070c200000, 0x000000070c200000, 0x000000070c400000|  0%| F|  |TAMS 0x000000070c200000, 0x000000070c200000| Untracked 
|  62|0x000000070c400000, 0x000000070c400000, 0x000000070c600000|  0%| F|  |TAMS 0x000000070c400000, 0x000000070c400000| Untracked 
|  63|0x000000070c600000, 0x000000070c600000, 0x000000070c800000|  0%| F|  |TAMS 0x000000070c600000, 0x000000070c600000| Untracked 
|  64|0x000000070c800000, 0x000000070c800000, 0x000000070ca00000|  0%| F|  |TAMS 0x000000070c800000, 0x000000070c800000| Untracked 
|  65|0x000000070ca00000, 0x000000070ca00000, 0x000000070cc00000|  0%| F|  |TAMS 0x000000070ca00000, 0x000000070ca00000| Untracked 
|  66|0x000000070cc00000, 0x000000070cc00000, 0x000000070ce00000|  0%| F|  |TAMS 0x000000070cc00000, 0x000000070cc00000| Untracked 
|  67|0x000000070ce00000, 0x000000070ce00000, 0x000000070d000000|  0%| F|  |TAMS 0x000000070ce00000, 0x000000070ce00000| Untracked 
|  68|0x000000070d000000, 0x000000070d000000, 0x000000070d200000|  0%| F|  |TAMS 0x000000070d000000, 0x000000070d000000| Untracked 
|  69|0x000000070d200000, 0x000000070d200000, 0x000000070d400000|  0%| F|  |TAMS 0x000000070d200000, 0x000000070d200000| Untracked 
|  70|0x000000070d400000, 0x000000070d400000, 0x000000070d600000|  0%| F|  |TAMS 0x000000070d400000, 0x000000070d400000| Untracked 
|  71|0x000000070d600000, 0x000000070d600000, 0x000000070d800000|  0%| F|  |TAMS 0x000000070d600000, 0x000000070d600000| Untracked 
|  72|0x000000070d800000, 0x000000070d800000, 0x000000070da00000|  0%| F|  |TAMS 0x000000070d800000, 0x000000070d800000| Untracked 
|  73|0x000000070da00000, 0x000000070da00000, 0x000000070dc00000|  0%| F|  |TAMS 0x000000070da00000, 0x000000070da00000| Untracked 
|  74|0x000000070dc00000, 0x000000070dc00000, 0x000000070de00000|  0%| F|  |TAMS 0x000000070dc00000, 0x000000070dc00000| Untracked 
|  75|0x000000070de00000, 0x000000070de00000, 0x000000070e000000|  0%| F|  |TAMS 0x000000070de00000, 0x000000070de00000| Untracked 
|  76|0x000000070e000000, 0x000000070e000000, 0x000000070e200000|  0%| F|  |TAMS 0x000000070e000000, 0x000000070e000000| Untracked 
|  77|0x000000070e200000, 0x000000070e200000, 0x000000070e400000|  0%| F|  |TAMS 0x000000070e200000, 0x000000070e200000| Untracked 
|  78|0x000000070e400000, 0x000000070e400000, 0x000000070e600000|  0%| F|  |TAMS 0x000000070e400000, 0x000000070e400000| Untracked 
|  79|0x000000070e600000, 0x000000070e600000, 0x000000070e800000|  0%| F|  |TAMS 0x000000070e600000, 0x000000070e600000| Untracked 
|  80|0x000000070e800000, 0x000000070e800000, 0x000000070ea00000|  0%| F|  |TAMS 0x000000070e800000, 0x000000070e800000| Untracked 
|  81|0x000000070ea00000, 0x000000070ea00000, 0x000000070ec00000|  0%| F|  |TAMS 0x000000070ea00000, 0x000000070ea00000| Untracked 
|  82|0x000000070ec00000, 0x000000070ec00000, 0x000000070ee00000|  0%| F|  |TAMS 0x000000070ec00000, 0x000000070ec00000| Untracked 
|  83|0x000000070ee00000, 0x000000070ee00000, 0x000000070f000000|  0%| F|  |TAMS 0x000000070ee00000, 0x000000070ee00000| Untracked 
|  84|0x000000070f000000, 0x000000070f000000, 0x000000070f200000|  0%| F|  |TAMS 0x000000070f000000, 0x000000070f000000| Untracked 
|  85|0x000000070f200000, 0x000000070f200000, 0x000000070f400000|  0%| F|  |TAMS 0x000000070f200000, 0x000000070f200000| Untracked 
|  86|0x000000070f400000, 0x000000070f400000, 0x000000070f600000|  0%| F|  |TAMS 0x000000070f400000, 0x000000070f400000| Untracked 
|  87|0x000000070f600000, 0x000000070f600000, 0x000000070f800000|  0%| F|  |TAMS 0x000000070f600000, 0x000000070f600000| Untracked 
|  88|0x000000070f800000, 0x000000070f800000, 0x000000070fa00000|  0%| F|  |TAMS 0x000000070f800000, 0x000000070f800000| Untracked 
|  89|0x000000070fa00000, 0x000000070fa00000, 0x000000070fc00000|  0%| F|  |TAMS 0x000000070fa00000, 0x000000070fa00000| Untracked 
|  90|0x000000070fc00000, 0x000000070fc00000, 0x000000070fe00000|  0%| F|  |TAMS 0x000000070fc00000, 0x000000070fc00000| Untracked 
|  91|0x000000070fe00000, 0x000000070fe00000, 0x0000000710000000|  0%| F|  |TAMS 0x000000070fe00000, 0x000000070fe00000| Untracked 
|  92|0x0000000710000000, 0x0000000710000000, 0x0000000710200000|  0%| F|  |TAMS 0x0000000710000000, 0x0000000710000000| Untracked 
|  93|0x0000000710200000, 0x0000000710200000, 0x0000000710400000|  0%| F|  |TAMS 0x0000000710200000, 0x0000000710200000| Untracked 
|  94|0x0000000710400000, 0x0000000710514180, 0x0000000710600000| 53%| S|CS|TAMS 0x0000000710400000, 0x0000000710400000| Complete 
|  95|0x0000000710600000, 0x0000000710800000, 0x0000000710800000|100%| S|CS|TAMS 0x0000000710600000, 0x0000000710600000| Complete 
|  96|0x0000000710800000, 0x0000000710a00000, 0x0000000710a00000|100%| S|CS|TAMS 0x0000000710800000, 0x0000000710800000| Complete 
|  97|0x0000000710a00000, 0x0000000710a00000, 0x0000000710c00000|  0%| F|  |TAMS 0x0000000710a00000, 0x0000000710a00000| Untracked 
|  98|0x0000000710c00000, 0x0000000710c00000, 0x0000000710e00000|  0%| F|  |TAMS 0x0000000710c00000, 0x0000000710c00000| Untracked 
|  99|0x0000000710e00000, 0x0000000710e00000, 0x0000000711000000|  0%| F|  |TAMS 0x0000000710e00000, 0x0000000710e00000| Untracked 
| 100|0x0000000711000000, 0x0000000711000000, 0x0000000711200000|  0%| F|  |TAMS 0x0000000711000000, 0x0000000711000000| Untracked 
| 101|0x0000000711200000, 0x0000000711200000, 0x0000000711400000|  0%| F|  |TAMS 0x0000000711200000, 0x0000000711200000| Untracked 
| 102|0x0000000711400000, 0x0000000711400000, 0x0000000711600000|  0%| F|  |TAMS 0x0000000711400000, 0x0000000711400000| Untracked 
| 103|0x0000000711600000, 0x0000000711600000, 0x0000000711800000|  0%| F|  |TAMS 0x0000000711600000, 0x0000000711600000| Untracked 
| 104|0x0000000711800000, 0x0000000711800000, 0x0000000711a00000|  0%| F|  |TAMS 0x0000000711800000, 0x0000000711800000| Untracked 
| 105|0x0000000711a00000, 0x0000000711a00000, 0x0000000711c00000|  0%| F|  |TAMS 0x0000000711a00000, 0x0000000711a00000| Untracked 
| 106|0x0000000711c00000, 0x0000000711c00000, 0x0000000711e00000|  0%| F|  |TAMS 0x0000000711c00000, 0x0000000711c00000| Untracked 
| 107|0x0000000711e00000, 0x0000000711e00000, 0x0000000712000000|  0%| F|  |TAMS 0x0000000711e00000, 0x0000000711e00000| Untracked 
| 108|0x0000000712000000, 0x0000000712000000, 0x0000000712200000|  0%| F|  |TAMS 0x0000000712000000, 0x0000000712000000| Untracked 
| 109|0x0000000712200000, 0x0000000712200000, 0x0000000712400000|  0%| F|  |TAMS 0x0000000712200000, 0x0000000712200000| Untracked 
| 110|0x0000000712400000, 0x0000000712400000, 0x0000000712600000|  0%| F|  |TAMS 0x0000000712400000, 0x0000000712400000| Untracked 
| 111|0x0000000712600000, 0x0000000712600000, 0x0000000712800000|  0%| F|  |TAMS 0x0000000712600000, 0x0000000712600000| Untracked 
| 112|0x0000000712800000, 0x0000000712800000, 0x0000000712a00000|  0%| F|  |TAMS 0x0000000712800000, 0x0000000712800000| Untracked 
| 113|0x0000000712a00000, 0x0000000712a00000, 0x0000000712c00000|  0%| F|  |TAMS 0x0000000712a00000, 0x0000000712a00000| Untracked 
| 114|0x0000000712c00000, 0x0000000712c00000, 0x0000000712e00000|  0%| F|  |TAMS 0x0000000712c00000, 0x0000000712c00000| Untracked 
| 115|0x0000000712e00000, 0x0000000712e00000, 0x0000000713000000|  0%| F|  |TAMS 0x0000000712e00000, 0x0000000712e00000| Untracked 
| 116|0x0000000713000000, 0x0000000713000000, 0x0000000713200000|  0%| F|  |TAMS 0x0000000713000000, 0x0000000713000000| Untracked 
| 117|0x0000000713200000, 0x0000000713200000, 0x0000000713400000|  0%| F|  |TAMS 0x0000000713200000, 0x0000000713200000| Untracked 
| 118|0x0000000713400000, 0x0000000713400000, 0x0000000713600000|  0%| F|  |TAMS 0x0000000713400000, 0x0000000713400000| Untracked 
| 119|0x0000000713600000, 0x0000000713600000, 0x0000000713800000|  0%| F|  |TAMS 0x0000000713600000, 0x0000000713600000| Untracked 
| 120|0x0000000713800000, 0x0000000713869d58, 0x0000000713a00000| 20%| E|  |TAMS 0x0000000713800000, 0x0000000713800000| Complete 
| 121|0x0000000713a00000, 0x0000000713c00000, 0x0000000713c00000|100%| E|CS|TAMS 0x0000000713a00000, 0x0000000713a00000| Complete 
| 122|0x0000000713c00000, 0x0000000713e00000, 0x0000000713e00000|100%| E|CS|TAMS 0x0000000713c00000, 0x0000000713c00000| Complete 
| 123|0x0000000713e00000, 0x0000000714000000, 0x0000000714000000|100%| E|CS|TAMS 0x0000000713e00000, 0x0000000713e00000| Complete 
| 124|0x0000000714000000, 0x0000000714200000, 0x0000000714200000|100%| E|CS|TAMS 0x0000000714000000, 0x0000000714000000| Complete 
| 125|0x0000000714200000, 0x0000000714400000, 0x0000000714400000|100%| E|CS|TAMS 0x0000000714200000, 0x0000000714200000| Complete 

Card table byte_map: [0x000001255ddd0000,0x000001255e5b0000] _byte_map_base: 0x000001255a5ac000

Marking Bits (Prev, Next): (CMBitMap*) 0x000001255273eec0, (CMBitMap*) 0x000001255273ef00
 Prev Bits: [0x000001255ed90000, 0x0000012562c70000)
 Next Bits: [0x0000012562c70000, 0x0000012566b50000)

Polling page: 0x0000012550640000

Metaspace:

Usage:
  Non-class:     16.75 MB used.
      Class:      2.63 MB used.
       Both:     19.38 MB used.

Virtual space:
  Non-class space:       64.00 MB reserved,      16.88 MB ( 26%) committed,  1 nodes.
      Class space:        1.00 GB reserved,       2.75 MB ( <1%) committed,  1 nodes.
             Both:        1.06 GB reserved,      19.62 MB (  2%) committed. 

Chunk freelists:
   Non-Class:  15.12 MB
       Class:  13.11 MB
        Both:  28.23 MB

MaxMetaspaceSize: unlimited
CompressedClassSpaceSize: 1.00 GB
Initial GC threshold: 21.00 MB
Current GC threshold: 21.00 MB
CDS: on
MetaspaceReclaimPolicy: balanced
 - commit_granule_bytes: 65536.
 - commit_granule_words: 8192.
 - virtual_space_node_default_size: 8388608.
 - enlarge_chunks_in_place: 1.
 - new_chunks_are_fully_committed: 0.
 - uncommit_free_chunks: 1.
 - use_allocation_guard: 0.
 - handle_deallocations: 1.


Internal statistics:

num_allocs_failed_limit: 0.
num_arena_births: 356.
num_arena_deaths: 0.
num_vsnodes_births: 2.
num_vsnodes_deaths: 0.
num_space_committed: 314.
num_space_uncommitted: 0.
num_chunks_returned_to_freelist: 0.
num_chunks_taken_from_freelist: 1022.
num_chunk_merges: 0.
num_chunk_splits: 655.
num_chunks_enlarged: 449.
num_inconsistent_stats: 0.

CodeCache: size=49152Kb used=5949Kb max_used=7554Kb free=43202Kb
 bounds [0x0000012559f80000, 0x000001255a6f0000, 0x000001255cf80000]
 total_blobs=3577 nmethods=3092 adapters=412
 compilation: enabled
              stopped_count=0, restarted_count=0
 full_count=0

Compilation events (20 events):
Event: 6.356 Thread 0x0000012569bea520 3085       1       java.io.ObjectInputStream$BlockDataInputStream::getBlockDataMode (5 bytes)
Event: 6.356 Thread 0x0000012569bea520 nmethod 3085 0x000001255a1a6490 code [0x000001255a1a6620, 0x000001255a1a66f8]
Event: 6.357 Thread 0x0000012569c287b0 3086       1       java.lang.Math::min (46 bytes)
Event: 6.357 Thread 0x0000012569c287b0 nmethod 3086 0x000001255a1a6110 code [0x000001255a1a62a0, 0x000001255a1a6418]
Event: 6.358 Thread 0x0000012569c287b0 3087       1       java.io.ObjectInputStream$BlockDataInputStream::peekByte (20 bytes)
Event: 6.358 Thread 0x0000012569bea520 3088       1       java.io.ObjectInputStream$BlockDataInputStream::peek (55 bytes)
Event: 6.359 Thread 0x0000012569c287b0 nmethod 3087 0x000001255a1a5d10 code [0x000001255a1a5ec0, 0x000001255a1a6018]
Event: 6.359 Thread 0x0000012569bea520 nmethod 3088 0x000001255a1a5890 code [0x000001255a1a5a40, 0x000001255a1a5c18]
Event: 6.979 Thread 0x0000012569bea520 3089       1       java.io.ObjectStreamField::isPrimitive (23 bytes)
Event: 6.979 Thread 0x0000012569c287b0 3090       1       java.io.ObjectOutputStream::writeString (74 bytes)
Event: 6.980 Thread 0x0000012569bea520 nmethod 3089 0x000001255a1a5390 code [0x000001255a1a5540, 0x000001255a1a5708]
Event: 6.980 Thread 0x0000012569c287b0 nmethod 3090 0x000001255a1a4a10 code [0x000001255a1a4c20, 0x000001255a1a5018]
Event: 7.485 Thread 0x0000012569c287b0 3091       1       java.io.Bits::getShort (18 bytes)
Event: 7.485 Thread 0x0000012569c287b0 nmethod 3091 0x000001255a245190 code [0x000001255a245320, 0x000001255a245418]
Event: 7.485 Thread 0x0000012569c287b0 3092       1       java.util.concurrent.ConcurrentHashMap::<init> (9 bytes)
Event: 7.485 Thread 0x0000012569c287b0 nmethod 3092 0x000001255a244e90 code [0x000001255a245040, 0x000001255a245128]
Event: 7.485 Thread 0x0000012569c287b0 3093       1       java.util.Hashtable::<init> (114 bytes)
Event: 7.487 Thread 0x0000012569c287b0 nmethod 3093 0x000001255a243f90 code [0x000001255a244220, 0x000001255a244af8]
Event: 7.488 Thread 0x0000012569c287b0 3094       1       java.io.ObjectOutputStream::writeClassDesc (60 bytes)
Event: 7.488 Thread 0x0000012569c287b0 nmethod 3094 0x000001255a243810 code [0x000001255a243a20, 0x000001255a243d68]

GC Heap History (6 events):
Event: 1.599 GC heap before
{Heap before GC invocations=0 (full 0):
 garbage-first heap   total 258048K, used 22528K [0x0000000704800000, 0x0000000800000000)
  region size 2048K, 11 young (22528K), 0 survivors (0K)
 Metaspace       used 7346K, committed 7552K, reserved 1114112K
  class space    used 921K, committed 1024K, reserved 1048576K
}
Event: 2.616 GC heap after
{Heap after GC invocations=1 (full 0):
 garbage-first heap   total 258048K, used 6824K [0x0000000704800000, 0x0000000800000000)
  region size 2048K, 2 young (4096K), 2 survivors (4096K)
 Metaspace       used 7346K, committed 7552K, reserved 1114112K
  class space    used 921K, committed 1024K, reserved 1048576K
}
Event: 4.016 GC heap before
{Heap before GC invocations=1 (full 0):
 garbage-first heap   total 258048K, used 25256K [0x0000000704800000, 0x0000000800000000)
  region size 2048K, 11 young (22528K), 2 survivors (4096K)
 Metaspace       used 10374K, committed 10688K, reserved 1114112K
  class space    used 1395K, committed 1536K, reserved 1048576K
}
Event: 4.019 GC heap after
{Heap after GC invocations=2 (full 0):
 garbage-first heap   total 258048K, used 8652K [0x0000000704800000, 0x0000000800000000)
  region size 2048K, 1 young (2048K), 1 survivors (2048K)
 Metaspace       used 10374K, committed 10688K, reserved 1114112K
  class space    used 1395K, committed 1536K, reserved 1048576K
}
Event: 4.800 GC heap before
{Heap before GC invocations=2 (full 0):
 garbage-first heap   total 258048K, used 65996K [0x0000000704800000, 0x0000000800000000)
  region size 2048K, 29 young (59392K), 1 survivors (2048K)
 Metaspace       used 19060K, committed 19392K, reserved 1114112K
  class space    used 2583K, committed 2752K, reserved 1048576K
}
Event: 4.803 GC heap after
{Heap after GC invocations=3 (full 0):
 garbage-first heap   total 258048K, used 12354K [0x0000000704800000, 0x0000000800000000)
  region size 2048K, 3 young (6144K), 3 survivors (6144K)
 Metaspace       used 19060K, committed 19392K, reserved 1114112K
  class space    used 2583K, committed 2752K, reserved 1048576K
}

Deoptimization events (0 events):
No events

Classes unloaded (0 events):
No events

Classes redefined (0 events):
No events

Internal exceptions (20 events):
Event: 4.219 Thread 0x000001256e250680 Exception <a 'java/lang/ClassNotFoundException'{0x0000000712db3cf0}: org/springframework/beans/factory/AwareCustomizer> (0x0000000712db3cf0) 
thrown [s\open\src\hotspot\share\classfile\systemDictionary.cpp, line 256]
Event: 4.220 Thread 0x000001256e250680 Exception <a 'java/lang/ClassNotFoundException'{0x0000000712db8e90}: org/springframework/context/ApplicationStartupAwareCustomizer> (0x0000000712db8e90) 
thrown [s\open\src\hotspot\share\classfile\systemDictionary.cpp, line 256]
Event: 4.221 Thread 0x000001256e250680 Exception <a 'java/lang/ClassNotFoundException'{0x0000000712dbf1d0}: org/springframework/beans/factory/AwareCustomizer> (0x0000000712dbf1d0) 
thrown [s\open\src\hotspot\share\classfile\systemDictionary.cpp, line 256]
Event: 4.222 Thread 0x000001256e250680 Exception <a 'java/lang/ClassNotFoundException'{0x0000000712dc4420}: org/springframework/beans/factory/BeanClassLoaderAwareCustomizer> (0x0000000712dc4420) 
thrown [s\open\src\hotspot\share\classfile\systemDictionary.cpp, line 256]
Event: 4.222 Thread 0x000001256e250680 Exception <a 'java/lang/ClassNotFoundException'{0x0000000712dca4c0}: org/springframework/beans/factory/AwareCustomizer> (0x0000000712dca4c0) 
thrown [s\open\src\hotspot\share\classfile\systemDictionary.cpp, line 256]
Event: 4.223 Thread 0x000001256e250680 Exception <a 'java/lang/ClassNotFoundException'{0x0000000712dcf348}: org/springframework/context/EnvironmentAwareCustomizer> (0x0000000712dcf348) 
thrown [s\open\src\hotspot\share\classfile\systemDictionary.cpp, line 256]
Event: 4.224 Thread 0x000001256e250680 Exception <a 'java/lang/ClassNotFoundException'{0x0000000712dd5380}: org/springframework/beans/factory/AwareCustomizer> (0x0000000712dd5380) 
thrown [s\open\src\hotspot\share\classfile\systemDictionary.cpp, line 256]
Event: 4.281 Thread 0x000001256e251ac0 Exception <a 'java/lang/NoSuchMethodError'{0x0000000712518a28}: 'long java.lang.invoke.DirectMethodHandle$Holder.invokeSpecial(java.lang.Object, java.lang.Object)'> (0x0000000712518a28) 
thrown [s\open\src\hotspot\share\interpreter\linkResolver.cpp, line 759]
Event: 4.282 Thread 0x000001256e251ac0 Exception <a 'java/lang/NoSuchMethodError'{0x00000007125238f8}: 'long java.lang.invoke.DirectMethodHandle$Holder.invokeStatic(java.lang.Object, java.lang.Object)'> (0x00000007125238f8) 
thrown [s\open\src\hotspot\share\interpreter\linkResolver.cpp, line 759]
Event: 4.283 Thread 0x000001256e251ac0 Exception <a 'java/lang/NoSuchMethodError'{0x0000000712526f28}: 'long java.lang.invoke.DirectMethodHandle$Holder.invokeStaticInit(java.lang.Object, java.lang.Object)'> (0x0000000712526f28) 
thrown [s\open\src\hotspot\share\interpreter\linkResolver.cpp, line 759]
Event: 4.284 Thread 0x000001256e251ac0 Exception <a 'java/lang/NoSuchMethodError'{0x0000000712534ad0}: 'long java.lang.invoke.DirectMethodHandle$Holder.invokeInterface(java.lang.Object, java.lang.Object)'> (0x0000000712534ad0) 
thrown [s\open\src\hotspot\share\interpreter\linkResolver.cpp, line 759]
Event: 4.284 Thread 0x000001256e251ac0 Exception <a 'java/lang/IncompatibleClassChangeError'{0x0000000712538060}: Found class java.lang.Object, but interface was expected> (0x0000000712538060) 
thrown [s\open\src\hotspot\share\interpreter\linkResolver.cpp, line 826]
Event: 4.292 Thread 0x000001256e251ac0 Exception <a 'java/lang/NoSuchMethodError'{0x00000007125a2720}: 'java.lang.Object java.lang.invoke.DirectMethodHandle$Holder.invokeVirtual(java.lang.Object, java.lang.Object, java.lang.Object, java.lang.Object)'> (0x00000007125a2720) 
thrown [s\open\src\hotspot\share\interpreter\linkResolver.cpp, line 759]
Event: 4.533 Thread 0x000001256e250680 Exception <a 'java/lang/IncompatibleClassChangeError'{0x000000071163cb58}: Found class java.lang.Object, but interface was expected> (0x000000071163cb58) 
thrown [s\open\src\hotspot\share\interpreter\linkResolver.cpp, line 826]
Event: 4.565 Thread 0x000001256e250680 Exception <a 'java/lang/NoSuchMethodError'{0x0000000711477a80}: 'void java.lang.invoke.DirectMethodHandle$Holder.invokeInterface(java.lang.Object, java.lang.Object, java.lang.Object, java.lang.Object)'> (0x0000000711477a80) 
thrown [s\open\src\hotspot\share\interpreter\linkResolver.cpp, line 759]
Event: 4.629 Thread 0x000001256e250680 Exception <a 'java/lang/NoSuchMethodError'{0x00000007113b3af0}: 'java.lang.Object java.lang.invoke.DirectMethodHandle$Holder.invokeStatic(java.lang.Object, java.lang.Object, int)'> (0x00000007113b3af0) 
thrown [s\open\src\hotspot\share\interpreter\linkResolver.cpp, line 759]
Event: 4.629 Thread 0x000001256e250680 Exception <a 'java/lang/NoSuchMethodError'{0x00000007113bf508}: 'void java.lang.invoke.DelegatingMethodHandle$Holder.delegate(java.lang.Object, java.lang.Object, int, java.lang.Object)'> (0x00000007113bf508) 
thrown [s\open\src\hotspot\share\interpreter\linkResolver.cpp, line 759]
Event: 4.663 Thread 0x000001256e24fc60 Exception <a 'java/lang/reflect/InvocationTargetException'{0x000000071354d708}> (0x000000071354d708) 
thrown [s\open\src\hotspot\share\runtime\reflection.cpp, line 1121]
Event: 5.851 Thread 0x000001256e24fc60 Exception <a 'java/lang/reflect/InvocationTargetException'{0x0000000713fa5898}> (0x0000000713fa5898) 
thrown [s\open\src\hotspot\share\runtime\reflection.cpp, line 1121]
Event: 6.979 Thread 0x000001256e24fc60 Exception <a 'java/lang/reflect/InvocationTargetException'{0x0000000713fb1f88}> (0x0000000713fb1f88) 
thrown [s\open\src\hotspot\share\runtime\reflection.cpp, line 1121]

VM Operations (20 events):
Event: 3.875 Executing VM operation: HandshakeAllThreads done
Event: 4.016 Executing VM operation: G1CollectForAllocation
Event: 4.019 Executing VM operation: G1CollectForAllocation done
Event: 4.051 Executing VM operation: HandshakeAllThreads
Event: 4.051 Executing VM operation: HandshakeAllThreads done
Event: 4.179 Executing VM operation: HandshakeAllThreads
Event: 4.179 Executing VM operation: HandshakeAllThreads done
Event: 4.210 Executing VM operation: HandshakeAllThreads
Event: 4.210 Executing VM operation: HandshakeAllThreads done
Event: 4.236 Executing VM operation: HandshakeAllThreads
Event: 4.236 Executing VM operation: HandshakeAllThreads done
Event: 4.563 Executing VM operation: ICBufferFull
Event: 4.563 Executing VM operation: ICBufferFull done
Event: 4.800 Executing VM operation: G1CollectForAllocation
Event: 4.803 Executing VM operation: G1CollectForAllocation done
Event: 4.828 Executing VM operation: HandshakeAllThreads
Event: 4.828 Executing VM operation: HandshakeAllThreads done
Event: 5.829 Executing VM operation: Cleanup
Event: 5.842 Executing VM operation: Cleanup done
Event: 7.843 Executing VM operation: Cleanup

Events (20 events):
Event: 4.264 loading class java/lang/AssertionError done
Event: 4.275 loading class java/util/regex/Pattern$Pos
Event: 4.275 loading class java/util/regex/Pattern$Pos done
Event: 4.294 Thread 0x000001256e251ac0 Thread exited: 0x000001256e251ac0
Event: 4.455 Thread 0x000001256e251ac0 Thread added: 0x000001256e251ac0
Event: 4.480 loading class javax/naming/ldap/LdapContext
Event: 4.481 loading class javax/naming/directory/DirContext
Event: 4.481 loading class javax/naming/directory/DirContext done
Event: 4.481 loading class javax/naming/ldap/LdapContext done
Event: 4.523 Thread 0x000001256e251ac0 Thread exited: 0x000001256e251ac0
Event: 4.659 Thread 0x000001256e251ac0 Thread added: 0x000001256e251ac0
Event: 4.668 Thread 0x000001256e251ac0 Thread exited: 0x000001256e251ac0
Event: 5.842 Thread 0x0000012569d22d50 Thread exited: 0x0000012569d22d50
Event: 5.842 Thread 0x0000012569d22830 Thread exited: 0x0000012569d22830
Event: 5.843 Thread 0x000001256e251fd0 Thread added: 0x000001256e251fd0
Event: 5.853 Thread 0x000001256e251fd0 Thread exited: 0x000001256e251fd0
Event: 6.356 Thread 0x000001256e250b90 Thread added: 0x000001256e250b90
Event: 6.982 Thread 0x000001256e250b90 Thread exited: 0x000001256e250b90
Event: 7.485 Thread 0x0000012569bea520 Thread exited: 0x0000012569bea520
Event: 7.485 Thread 0x000001256e250b90 Thread added: 0x000001256e250b90


Dynamic libraries:
0x00007ff6e9220000 - 0x00007ff6e9230000 	D:\JDK17\bin\java.exe
0x00007ffda9f40000 - 0x00007ffdaa1a5000 	C:\WINDOWS\SYSTEM32\ntdll.dll
0x00007ffda9110000 - 0x00007ffda91d9000 	C:\WINDOWS\System32\KERNEL32.DLL
0x00007ffda73f0000 - 0x00007ffda77d8000 	C:\WINDOWS\System32\KERNELBASE.dll
0x00007ffda7090000 - 0x00007ffda71db000 	C:\WINDOWS\System32\ucrtbase.dll
0x00007ffd8f3a0000 - 0x00007ffd8f3b9000 	D:\JDK17\bin\jli.dll
0x00007ffda7d50000 - 0x00007ffda7e03000 	C:\WINDOWS\System32\ADVAPI32.dll
0x00007ffd8f2b0000 - 0x00007ffd8f2cb000 	D:\JDK17\bin\VCRUNTIME140.dll
0x00007ffda8eb0000 - 0x00007ffda8f59000 	C:\WINDOWS\System32\msvcrt.dll
0x00007ffda7fc0000 - 0x00007ffda8066000 	C:\WINDOWS\System32\sechost.dll
0x00007ffda9850000 - 0x00007ffda9965000 	C:\WINDOWS\System32\RPCRT4.dll
0x00007ffda9680000 - 0x00007ffda984a000 	C:\WINDOWS\System32\USER32.dll
0x00007ffda71e0000 - 0x00007ffda7207000 	C:\WINDOWS\System32\win32u.dll
0x00007ffda8e80000 - 0x00007ffda8eab000 	C:\WINDOWS\System32\GDI32.dll
0x00007ffd8bb80000 - 0x00007ffd8be1a000 	C:\WINDOWS\WinSxS\amd64_microsoft.windows.common-controls_6595b64144ccf1df_6.0.26100.4202_none_3e0698d4e335f517\COMCTL32.dll
0x00007ffda72b0000 - 0x00007ffda73e7000 	C:\WINDOWS\System32\gdi32full.dll
0x00007ffda77e0000 - 0x00007ffda7883000 	C:\WINDOWS\System32\msvcp_win.dll
0x00007ffd9b5b0000 - 0x00007ffd9b5bb000 	C:\WINDOWS\SYSTEM32\VERSION.dll
0x00007ffda9ec0000 - 0x00007ffda9ef0000 	C:\WINDOWS\System32\IMM32.DLL
0x00007ffd8f3d0000 - 0x00007ffd8f3dc000 	D:\JDK17\bin\vcruntime140_1.dll
0x00007ffd7b260000 - 0x00007ffd7b2ee000 	D:\JDK17\bin\msvcp140.dll
0x00007ffca8300000 - 0x00007ffca8ee0000 	D:\JDK17\bin\server\jvm.dll
0x00007ffda81e0000 - 0x00007ffda81e8000 	C:\WINDOWS\System32\PSAPI.DLL
0x00007ffd79480000 - 0x00007ffd7948a000 	C:\WINDOWS\SYSTEM32\WSOCK32.dll
0x00007ffda1390000 - 0x00007ffda13c5000 	C:\WINDOWS\SYSTEM32\WINMM.dll
0x00007ffda91e0000 - 0x00007ffda9254000 	C:\WINDOWS\System32\WS2_32.dll
0x00007ffda5eb0000 - 0x00007ffda5ecb000 	C:\WINDOWS\SYSTEM32\kernel.appcore.dll
0x00007ffd8f390000 - 0x00007ffd8f39a000 	D:\JDK17\bin\jimage.dll
0x00007ffda47f0000 - 0x00007ffda4a31000 	C:\WINDOWS\SYSTEM32\DBGHELP.DLL
0x00007ffda9290000 - 0x00007ffda9615000 	C:\WINDOWS\System32\combase.dll
0x00007ffda8070000 - 0x00007ffda8151000 	C:\WINDOWS\System32\OLEAUT32.dll
0x00007ffda1350000 - 0x00007ffda1389000 	C:\WINDOWS\SYSTEM32\dbgcore.DLL
0x00007ffda7210000 - 0x00007ffda72a9000 	C:\WINDOWS\System32\bcryptPrimitives.dll
0x00007ffd8f320000 - 0x00007ffd8f32e000 	D:\JDK17\bin\instrument.dll
0x00007ffd87a90000 - 0x00007ffd87ab5000 	D:\JDK17\bin\java.dll
0x00007ffd23b70000 - 0x00007ffd23c47000 	D:\JDK17\bin\jsvml.dll
0x00007ffda83e0000 - 0x00007ffda8b22000 	C:\WINDOWS\System32\SHELL32.dll
0x00007ffda7b60000 - 0x00007ffda7cd4000 	C:\WINDOWS\System32\wintypes.dll
0x00007ffda4cb0000 - 0x00007ffda5508000 	C:\WINDOWS\SYSTEM32\windows.storage.dll
0x00007ffda8c10000 - 0x00007ffda8d01000 	C:\WINDOWS\System32\SHCORE.dll
0x00007ffda7ce0000 - 0x00007ffda7d4a000 	C:\WINDOWS\System32\shlwapi.dll
0x00007ffda6fa0000 - 0x00007ffda6fcf000 	C:\WINDOWS\SYSTEM32\profapi.dll
0x00007ffd87a50000 - 0x00007ffd87a68000 	D:\JDK17\bin\zip.dll
0x00007ffd8f270000 - 0x00007ffd8f289000 	D:\JDK17\bin\net.dll
0x00007ffd9d480000 - 0x00007ffd9d59e000 	C:\WINDOWS\SYSTEM32\WINHTTP.dll
0x00007ffda64e0000 - 0x00007ffda654a000 	C:\WINDOWS\system32\mswsock.dll
0x00007ffd8e8d0000 - 0x00007ffd8e8e6000 	D:\JDK17\bin\nio.dll
0x00007ffd7ff60000 - 0x00007ffd7ff7a000 	D:\Edge\IntelliJ IDEA 2024.2.0.2\bin\breakgen64.dll
0x00007ffda5910000 - 0x00007ffda5a37000 	C:\WINDOWS\SYSTEM32\DNSAPI.dll
0x00007ffda5820000 - 0x00007ffda5853000 	C:\WINDOWS\SYSTEM32\IPHLPAPI.DLL
0x00007ffda9670000 - 0x00007ffda967a000 	C:\WINDOWS\System32\NSI.dll
0x00007ffd9c7d0000 - 0x00007ffd9c7db000 	C:\Windows\System32\rasadhlp.dll
0x00007ffd9f930000 - 0x00007ffd9f9b6000 	C:\WINDOWS\System32\fwpuclnt.dll
0x00007ffd8f2a0000 - 0x00007ffd8f2aa000 	D:\JDK17\bin\management.dll
0x00007ffd88d10000 - 0x00007ffd88d1b000 	D:\JDK17\bin\management_ext.dll
0x00007ffda6790000 - 0x00007ffda67ab000 	C:\WINDOWS\SYSTEM32\CRYPTSP.dll
0x00007ffda5df0000 - 0x00007ffda5e2a000 	C:\WINDOWS\system32\rsaenh.dll
0x00007ffda6580000 - 0x00007ffda65ab000 	C:\WINDOWS\SYSTEM32\USERENV.dll
0x00007ffda6f70000 - 0x00007ffda6f96000 	C:\WINDOWS\SYSTEM32\bcrypt.dll
0x00007ffda67b0000 - 0x00007ffda67bc000 	C:\WINDOWS\SYSTEM32\CRYPTBASE.dll
0x00007ffd9dca0000 - 0x00007ffd9dcbf000 	C:\WINDOWS\SYSTEM32\dhcpcsvc6.DLL
0x00007ffd9d9d0000 - 0x00007ffd9d9f5000 	C:\WINDOWS\SYSTEM32\dhcpcsvc.DLL
0x00007ffd87e20000 - 0x00007ffd87e38000 	C:\WINDOWS\system32\napinsp.dll
0x00007ffd87dc0000 - 0x00007ffd87dd2000 	C:\WINDOWS\System32\winrnr.dll
0x00007ffd87d80000 - 0x00007ffd87db0000 	C:\WINDOWS\system32\nlansp_c.dll
0x00007ffd9bc80000 - 0x00007ffd9bca0000 	C:\WINDOWS\system32\wshbth.dll
0x00007ffd81000000 - 0x00007ffd81010000 	D:\JDK17\bin\verify.dll

dbghelp: loaded successfully - version: 4.0.5 - missing functions: none
symbol engine: initialized successfully - sym options: 0x614 - pdb path: .;D:\JDK17\bin;C:\WINDOWS\SYSTEM32;C:\WINDOWS\WinSxS\amd64_microsoft.windows.common-controls_6595b64144ccf1df_6.0.26100.4202_none_3e0698d4e335f517;D:\JDK17\bin\server;D:\Edge\IntelliJ IDEA 2024.2.0.2\bin

VM Arguments:
jvm_args: -XX:TieredStopAtLevel=1 -Dspring.output.ansi.enabled=always -Dcom.sun.management.jmxremote -Dspring.jmx.enabled=true -Dspring.liveBeansView.mbeanDomain -Dspring.application.admin.enabled=true -Dmanagement.endpoints.jmx.exposure.include=* -javaagent:D:\Edge\IntelliJ IDEA 2024.2.0.2\lib\idea_rt.jar=61081:D:\Edge\IntelliJ IDEA 2024.2.0.2\bin -Dfile.encoding=UTF-8 
java_command: org.example.DemoApplication
java_class_path (initial): D:\GitProject\ChargeMangeSystem\target\classes;C:\Users\Redmi\.m2\repository\org\springframework\boot\spring-boot-starter\2.7.3\spring-boot-starter-2.7.3.jar;C:\Users\Redmi\.m2\repository\org\springframework\boot\spring-boot-starter-logging\2.7.3\spring-boot-starter-logging-2.7.3.jar;C:\Users\Redmi\.m2\repository\ch\qos\logback\logback-classic\1.2.11\logback-classic-1.2.11.jar;C:\Users\Redmi\.m2\repository\ch\qos\logback\logback-core\1.2.11\logback-core-1.2.11.jar;C:\Users\Redmi\.m2\repository\org\apache\logging\log4j\log4j-to-slf4j\2.17.2\log4j-to-slf4j-2.17.2.jar;C:\Users\Redmi\.m2\repository\org\apache\logging\log4j\log4j-api\2.17.2\log4j-api-2.17.2.jar;C:\Users\Redmi\.m2\repository\org\slf4j\jul-to-slf4j\1.7.36\jul-to-slf4j-1.7.36.jar;C:\Users\Redmi\.m2\repository\jakarta\annotation\jakarta.annotation-api\1.3.5\jakarta.annotation-api-1.3.5.jar;C:\Users\Redmi\.m2\repository\org\yaml\snakeyaml\1.30\snakeyaml-1.30.jar;C:\Users\Redmi\.m2\repository\jakarta\xml\bind\jakarta.xml.bind-api\2.3.3\jakarta.xml.bind-api-2.3.3.jar;C:\Users\Redmi\.m2\repository\jakarta\activation\jakarta.activation-api\1.2.2\jakarta.activation-api-1.2.2.jar;C:\Users\Redmi\.m2\repository\org\hamcrest\hamcrest\2.2\hamcrest-2.2.jar;C:\Users\Redmi\.m2\repository\org\springframework\spring-core\5.3.22\spring-core-5.3.22.jar;C:\Users\Redmi\.m2\repository\org\springframework\spring-jcl\5.3.22\spring-jcl-5.3.22.jar;C:\Users\Redmi\.m2\repository\junit\junit\4.13.2\junit-4.13.2.jar;C:\Users\Redmi\.m2\repository\org\hamcrest\hamcrest-core\2.2\hamcrest-core-2.2.jar;C:\Users\Redmi\.m2\repository\org\springdoc\springdoc-openapi-ui\1.8.0\springdoc-openapi-ui-1.8.0.jar;C:\Users\Redmi\.m2\repository\org\springdoc\springdoc-openapi-webmvc-core\1.8.0\springdoc-openapi-webmvc-core-1.8.0.jar;C:\Users\Redmi\.m2\repository\org\springdoc\springdoc-openapi-common\1.8.0\springdoc-openapi-common-1.8.0.jar;C:\Users\Redmi\.m2\repository\io\swagger\core\v3\swagger-core\2.2.20\swagger-core-2.2.
Launcher Type: SUN_STANDARD

[Global flags]
     intx CICompilerCount                          = 12                                        {product} {ergonomic}
     uint ConcGCThreads                            = 3                                         {product} {ergonomic}
     uint G1ConcRefinementThreads                  = 13                                        {product} {ergonomic}
   size_t G1HeapRegionSize                         = 2097152                                   {product} {ergonomic}
    uintx GCDrainStackTargetSize                   = 64                                        {product} {ergonomic}
   size_t InitialHeapSize                          = 264241152                                 {product} {ergonomic}
     bool ManagementServer                         = true                                      {product} {command line}
   size_t MarkStackSize                            = 4194304                                   {product} {ergonomic}
   size_t MaxHeapSize                              = 4219469824                                {product} {ergonomic}
   size_t MaxNewSize                               = 2531262464                                {product} {ergonomic}
   size_t MinHeapDeltaBytes                        = 2097152                                   {product} {ergonomic}
   size_t MinHeapSize                              = 8388608                                   {product} {ergonomic}
    uintx NonProfiledCodeHeapSize                  = 0                                      {pd product} {ergonomic}
     bool ProfileInterpreter                       = false                                  {pd product} {command line}
    uintx ProfiledCodeHeapSize                     = 0                                      {pd product} {ergonomic}
   size_t SoftMaxHeapSize                          = 4219469824                             {manageable} {ergonomic}
     intx TieredStopAtLevel                        = 1                                         {product} {command line}
     bool UseCompressedClassPointers               = true                           {product lp64_product} {ergonomic}
     bool UseCompressedOops                        = true                           {product lp64_product} {ergonomic}
     bool UseG1GC                                  = true                                      {product} {ergonomic}
     bool UseLargePagesIndividualAllocation        = false                                  {pd product} {ergonomic}

Logging:
Log output configuration:
 #0: stdout all=warning uptime,level,tags
 #1: stderr all=off uptime,level,tags

Environment Variables:
JAVA_HOME=D:\JDK17
PATH=D:\Python3.9.12;C:\Program Files\Common Files\Oracle\Java\javapath;D:\xlinx\bin;D:\chrome\bin\;D:\Edge\bin;C:\Program Files\NVIDIA GPU Computing Toolkit\CUDA\v11.7\bin;C:\Program Files\NVIDIA GPU Computing Toolkit\CUDA\v11.7\libnvvp;C:\Windows\system32;C:\Windows;C:\Windows\System32\Wbem;C:\Windows\System32\WindowsPowerShell\v1.0\;C:\Windows\System32\OpenSSH\;C:\Program Files (x86)\NVIDIA Corporation\PhysX\Common;C:\Program Files\NVIDIA Corporation\NVIDIA NvDLISR;C:\WINDOWS\system32;C:\WINDOWS;C:\WINDOWS\System32\Wbem;C:\WINDOWS\System32\WindowsPowerShell\v1.0\;C:\WINDOWS\System32\OpenSSH\;C:\Program Files\NVIDIA Corporation\Nsight Compute 2022.2.1\;D:\Edge\Git\cmd;D:\chrome\;C:\Program Files\MySQL\MySQL Server 8.0\bin;D:\Edge\Tomcat\apache-tomcat-10.1.31\bin;D:\JDK17\bin;D:\Edge\Maven\apache-maven-3.9.9\bin;D:\Edge\Maven\apache-maven-3.9.9\bin;D:\JDK17\bin;D:\ANACONDA\Library\bin;C:\Program Files\Docker\Docker\resources\bin;D:\Python3.9.12\Lib\site-packages\django\bin;C:\WINDOWS\system32;C:\WINDOWS;C:\WINDOWS\System32\Wbem;C:\WINDOWS\System32\WindowsPowerShell\v1.0\;C:\WINDOWS\System32\OpenSSH\;d:\Edge\cursor\resources\app\bin;D:\Python3.9.12\Scripts\;D:\Python3.9.12\;C:\msys64\ucrt64\bin;C:\Users\Redmi\AppData\Local\Programs\Python\Launcher\;C:\Users\Redmi\AppData\Local\Microsoft\WindowsApps;D:\CLion 2022.3.2\bin;D:\Edge\OBS\Microsoft VS Code\mingw64\bin;;D:\Edge\Fiddler;D:\Edge\Microsoft VS Code\bin;C:\Users\Redmi\AppData\Roaming\npm;D:\Edge\PyCharm Community Edition 2024.1.4\bin;;D:\Edge\IntelliJ IDEA 2024.2.0.2\bin;;D:\DataGrip\DataGrip 2024.2.2\bin;;D:\QQ\qqgame\Hall.58319\;C:\Users\Redmi\AppData\Local\JetBrains\Toolbox\scripts;C:\Users\Redmi\AppData\Local\GitHubDesktop\bin;D:\Edge\cursor\resources\app\bin;
USERNAME=Redmi
OS=Windows_NT
PROCESSOR_IDENTIFIER=Intel64 Family 6 Model 154 Stepping 3, GenuineIntel



---------------  S Y S T E M  ---------------

OS:
 Windows 11 , 64 bit Build 26100 (10.0.26100.4202)
OS uptime: 2 days 5:03 hours
Hyper-V role detected

CPU: total 16 (initial active 16) (8 cores per cpu, 2 threads per core) family 6 model 154 stepping 3 microcode 0x423, cx8, cmov, fxsr, ht, mmx, 3dnowpref, sse, sse2, sse3, ssse3, sse4.1, sse4.2, popcnt, lzcnt, tsc, tscinvbit, avx, avx2, aes, erms, clmul, bmi1, bmi2, adx, sha, fma, vzeroupper, clflush, clflushopt, clwb, hv

Memory: 4k page, system-wide physical 16091M (746M free)
TotalPageFile size 34841M (AvailPageFile size 2M)
current process WorkingSet (physical memory assigned to process): 146M, peak: 147M
current process commit charge ("private bytes"): 384M, peak: 385M

vm_info: Java HotSpot(TM) 64-Bit Server VM (17.0.12+8-LTS-286) for windows-amd64 JRE (17.0.12+8-LTS-286), built on Jun  5 2024 06:46:59 by "mach5one" with MS VC++ 17.6 (VS2022)

END.
